<?xml version="1.0" encoding="UTF-8"?>
<!-- Generated by org.testng.reporters.JUnitReportReporter -->
<testsuite skipped="0" hostname="Nafias-MacBook-Air.local" name="com.amazonRunner.AmazonLoginRunner$RunCucumberTest" tests="1" failures="0" timestamp="2022-03-25T09:00:48 EDT" time="4.538" errors="0">
  <testcase name="runScenario" time="4.538" classname="com.amazonRunner.AmazonLoginRunner$RunCucumberTest"/>
  <system-out/>
</testsuite> <!-- com.amazonRunner.AmazonLoginRunner$RunCucumberTest -->
